2015-11-19 14:26:39,833 [main] ERROR org.sdnplatform.sync.internal.config.DelegatingCCProvider - Failed to initialize provider org.sdnplatform.sync.internal.config.SyncStoreCCProvider
org.sdnplatform.sync.error.PersistException: Could not initialize persistent storage
	at org.sdnplatform.sync.internal.store.JavaDBStorageEngine.<init>(JavaDBStorageEngine.java:102) ~[bin/:na]
	at org.sdnplatform.sync.internal.StoreRegistry.register(StoreRegistry.java:114) ~[bin/:na]
	at org.sdnplatform.sync.internal.SyncManager.registerPersistentStore(SyncManager.java:178) [bin/:na]
	at org.sdnplatform.sync.internal.config.SyncStoreCCProvider.init(SyncStoreCCProvider.java:85) ~[bin/:na]
	at org.sdnplatform.sync.internal.config.DelegatingCCProvider.init(DelegatingCCProvider.java:37) ~[bin/:na]
	at org.sdnplatform.sync.internal.SyncManager.init(SyncManager.java:476) [bin/:na]
	at net.floodlightcontroller.core.module.FloodlightModuleLoader.initModules(FloodlightModuleLoader.java:460) [bin/:na]
	at net.floodlightcontroller.core.module.FloodlightModuleLoader.loadModulesFromList(FloodlightModuleLoader.java:295) [bin/:na]
	at net.floodlightcontroller.core.module.FloodlightModuleLoader.loadModulesFromConfig(FloodlightModuleLoader.java:235) [bin/:na]
	at net.floodlightcontroller.core.Main.main(Main.java:61) [bin/:na]
Caused by: java.sql.SQLException: Failed to create database '/var/lib/floodlight/SyncDB', see the next exception for details.
	at org.apache.derby.impl.jdbc.SQLExceptionFactory40.getSQLException(Unknown Source) ~[derby-10.9.1.0.jar:na]
	at org.apache.derby.impl.jdbc.Util.newEmbedSQLException(Unknown Source) ~[derby-10.9.1.0.jar:na]
	at org.apache.derby.impl.jdbc.Util.seeNextException(Unknown Source) ~[derby-10.9.1.0.jar:na]
	at org.apache.derby.impl.jdbc.EmbedConnection.createDatabase(Unknown Source) ~[derby-10.9.1.0.jar:na]
	at org.apache.derby.impl.jdbc.EmbedConnection.<init>(Unknown Source) ~[derby-10.9.1.0.jar:na]
	at org.apache.derby.impl.jdbc.EmbedConnection30.<init>(Unknown Source) ~[derby-10.9.1.0.jar:na]
	at org.apache.derby.impl.jdbc.EmbedConnection40.<init>(Unknown Source) ~[derby-10.9.1.0.jar:na]
	at org.apache.derby.jdbc.Driver40.getNewEmbedConnection(Unknown Source) ~[derby-10.9.1.0.jar:na]
	at org.apache.derby.jdbc.InternalDriver.connect(Unknown Source) ~[derby-10.9.1.0.jar:na]
	at org.apache.derby.jdbc.EmbeddedDataSource.getConnection(Unknown Source) ~[derby-10.9.1.0.jar:na]
	at org.apache.derby.jdbc.EmbedPooledConnection.openRealConnection(Unknown Source) ~[derby-10.9.1.0.jar:na]
	at org.apache.derby.jdbc.EmbedPooledConnection.<init>(Unknown Source) ~[derby-10.9.1.0.jar:na]
	at org.apache.derby.jdbc.EmbedPooledConnection40.<init>(Unknown Source) ~[derby-10.9.1.0.jar:na]
	at org.apache.derby.jdbc.Driver40.getNewPooledConnection(Unknown Source) ~[derby-10.9.1.0.jar:na]
	at org.apache.derby.jdbc.EmbeddedConnectionPoolDataSource.createPooledConnection(Unknown Source) ~[derby-10.9.1.0.jar:na]
	at org.apache.derby.jdbc.EmbeddedConnectionPoolDataSource.getPooledConnection(Unknown Source) ~[derby-10.9.1.0.jar:na]
	at org.sdnplatform.sync.internal.store.JavaDBStorageEngine.getConnection(JavaDBStorageEngine.java:365) ~[bin/:na]
	at org.sdnplatform.sync.internal.store.JavaDBStorageEngine.initTable(JavaDBStorageEngine.java:372) ~[bin/:na]
	at org.sdnplatform.sync.internal.store.JavaDBStorageEngine.<init>(JavaDBStorageEngine.java:100) ~[bin/:na]
	... 9 common frames omitted
Caused by: org.apache.derby.impl.jdbc.EmbedSQLException: Failed to create database '/var/lib/floodlight/SyncDB', see the next exception for details.
	at org.apache.derby.impl.jdbc.SQLExceptionFactory.getSQLException(Unknown Source) ~[derby-10.9.1.0.jar:na]
	at org.apache.derby.impl.jdbc.SQLExceptionFactory40.wrapArgsForTransportAcrossDRDA(Unknown Source) ~[derby-10.9.1.0.jar:na]
	... 28 common frames omitted
Caused by: org.apache.derby.impl.jdbc.EmbedSQLException: Directory /var/lib/floodlight/SyncDB cannot be created.
	at org.apache.derby.impl.jdbc.SQLExceptionFactory.getSQLException(Unknown Source) ~[derby-10.9.1.0.jar:na]
	at org.apache.derby.impl.jdbc.SQLExceptionFactory40.wrapArgsForTransportAcrossDRDA(Unknown Source) ~[derby-10.9.1.0.jar:na]
	at org.apache.derby.impl.jdbc.SQLExceptionFactory40.getSQLException(Unknown Source) ~[derby-10.9.1.0.jar:na]
	at org.apache.derby.impl.jdbc.Util.generateCsSQLException(Unknown Source) ~[derby-10.9.1.0.jar:na]
	at org.apache.derby.impl.jdbc.TransactionResourceImpl.wrapInSQLException(Unknown Source) ~[derby-10.9.1.0.jar:na]
	at org.apache.derby.impl.jdbc.TransactionResourceImpl.handleException(Unknown Source) ~[derby-10.9.1.0.jar:na]
	at org.apache.derby.impl.jdbc.EmbedConnection.handleException(Unknown Source) ~[derby-10.9.1.0.jar:na]
	... 25 common frames omitted
Caused by: org.apache.derby.iapi.error.StandardException: Directory /var/lib/floodlight/SyncDB cannot be created.
	at org.apache.derby.iapi.error.StandardException.newException(Unknown Source) ~[derby-10.9.1.0.jar:na]
	at org.apache.derby.impl.services.monitor.StorageFactoryService$9.run(Unknown Source) ~[derby-10.9.1.0.jar:na]
	at java.security.AccessController.doPrivileged(Native Method) ~[na:1.7.0_79]
	at org.apache.derby.impl.services.monitor.StorageFactoryService.createServiceRoot(Unknown Source) ~[derby-10.9.1.0.jar:na]
	at org.apache.derby.impl.services.monitor.BaseMonitor.bootService(Unknown Source) ~[derby-10.9.1.0.jar:na]
	at org.apache.derby.impl.services.monitor.BaseMonitor.createPersistentService(Unknown Source) ~[derby-10.9.1.0.jar:na]
	at org.apache.derby.iapi.services.monitor.Monitor.createPersistentService(Unknown Source) ~[derby-10.9.1.0.jar:na]
	... 25 common frames omitted
2015-11-19 14:26:40,087 [main] ERROR net.floodlightcontroller.core.Main - Exception in main
org.jboss.netty.channel.ChannelException: Failed to bind to: localhost/127.0.0.1:6642
	at org.jboss.netty.bootstrap.ServerBootstrap.bind(ServerBootstrap.java:272) ~[netty-3.10.0.Final.jar:na]
	at org.sdnplatform.sync.internal.rpc.RPCService.startServer(RPCService.java:448) ~[bin/:na]
	at org.sdnplatform.sync.internal.rpc.RPCService.run(RPCService.java:213) ~[bin/:na]
	at org.sdnplatform.sync.internal.SyncManager.startUp(SyncManager.java:561) ~[bin/:na]
	at net.floodlightcontroller.core.module.FloodlightModuleLoader.startupModules(FloodlightModuleLoader.java:475) ~[bin/:na]
	at net.floodlightcontroller.core.module.FloodlightModuleLoader.loadModulesFromList(FloodlightModuleLoader.java:297) ~[bin/:na]
	at net.floodlightcontroller.core.module.FloodlightModuleLoader.loadModulesFromConfig(FloodlightModuleLoader.java:235) ~[bin/:na]
	at net.floodlightcontroller.core.Main.main(Main.java:61) ~[bin/:na]
java.net.BindException: 地址已在使用
	at sun.nio.ch.Net.bind0(Native Method) ~[na:1.7.0_79]
	at sun.nio.ch.Net.bind(Net.java:445) ~[na:1.7.0_79]
	at sun.nio.ch.Net.bind(Net.java:437) ~[na:1.7.0_79]
	at sun.nio.ch.ServerSocketChannelImpl.bind(ServerSocketChannelImpl.java:223) ~[na:1.7.0_79]
	at sun.nio.ch.ServerSocketAdaptor.bind(ServerSocketAdaptor.java:74) ~[na:1.7.0_79]
	at org.jboss.netty.channel.socket.nio.NioServerBoss$RegisterTask.run(NioServerBoss.java:193) ~[netty-3.10.0.Final.jar:na]
	at org.jboss.netty.channel.socket.nio.AbstractNioSelector.processTaskQueue(AbstractNioSelector.java:391) ~[netty-3.10.0.Final.jar:na]
	at org.jboss.netty.channel.socket.nio.AbstractNioSelector.run(AbstractNioSelector.java:315) ~[netty-3.10.0.Final.jar:na]
	at org.jboss.netty.channel.socket.nio.NioServerBoss.run(NioServerBoss.java:42) ~[netty-3.10.0.Final.jar:na]
	at org.jboss.netty.util.ThreadRenamingRunnable.run(ThreadRenamingRunnable.java:108) ~[netty-3.10.0.Final.jar:na]
	at org.jboss.netty.util.internal.DeadLockProofWorker$1.run(DeadLockProofWorker.java:42) ~[netty-3.10.0.Final.jar:na]
	at java.util.concurrent.ThreadPoolExecutor.runWorker(ThreadPoolExecutor.java:1145) ~[na:1.7.0_79]
	at java.util.concurrent.ThreadPoolExecutor$Worker.run(ThreadPoolExecutor.java:615) ~[na:1.7.0_79]
	at java.lang.Thread.run(Thread.java:745) ~[na:1.7.0_79]
2015-11-19 14:34:45,556 [main] ERROR org.sdnplatform.sync.internal.config.DelegatingCCProvider - Failed to initialize provider org.sdnplatform.sync.internal.config.SyncStoreCCProvider
org.sdnplatform.sync.error.PersistException: Could not initialize persistent storage
	at org.sdnplatform.sync.internal.store.JavaDBStorageEngine.<init>(JavaDBStorageEngine.java:102) ~[bin/:na]
	at org.sdnplatform.sync.internal.StoreRegistry.register(StoreRegistry.java:114) ~[bin/:na]
	at org.sdnplatform.sync.internal.SyncManager.registerPersistentStore(SyncManager.java:178) [bin/:na]
	at org.sdnplatform.sync.internal.config.SyncStoreCCProvider.init(SyncStoreCCProvider.java:85) ~[bin/:na]
	at org.sdnplatform.sync.internal.config.DelegatingCCProvider.init(DelegatingCCProvider.java:37) ~[bin/:na]
	at org.sdnplatform.sync.internal.SyncManager.init(SyncManager.java:476) [bin/:na]
	at net.floodlightcontroller.core.module.FloodlightModuleLoader.initModules(FloodlightModuleLoader.java:460) [bin/:na]
	at net.floodlightcontroller.core.module.FloodlightModuleLoader.loadModulesFromList(FloodlightModuleLoader.java:295) [bin/:na]
	at net.floodlightcontroller.core.module.FloodlightModuleLoader.loadModulesFromConfig(FloodlightModuleLoader.java:235) [bin/:na]
	at net.floodlightcontroller.core.Main.main(Main.java:61) [bin/:na]
Caused by: java.sql.SQLException: Failed to create database '/var/lib/floodlight/SyncDB', see the next exception for details.
	at org.apache.derby.impl.jdbc.SQLExceptionFactory40.getSQLException(Unknown Source) ~[derby-10.9.1.0.jar:na]
	at org.apache.derby.impl.jdbc.Util.newEmbedSQLException(Unknown Source) ~[derby-10.9.1.0.jar:na]
	at org.apache.derby.impl.jdbc.Util.seeNextException(Unknown Source) ~[derby-10.9.1.0.jar:na]
	at org.apache.derby.impl.jdbc.EmbedConnection.createDatabase(Unknown Source) ~[derby-10.9.1.0.jar:na]
	at org.apache.derby.impl.jdbc.EmbedConnection.<init>(Unknown Source) ~[derby-10.9.1.0.jar:na]
	at org.apache.derby.impl.jdbc.EmbedConnection30.<init>(Unknown Source) ~[derby-10.9.1.0.jar:na]
	at org.apache.derby.impl.jdbc.EmbedConnection40.<init>(Unknown Source) ~[derby-10.9.1.0.jar:na]
	at org.apache.derby.jdbc.Driver40.getNewEmbedConnection(Unknown Source) ~[derby-10.9.1.0.jar:na]
	at org.apache.derby.jdbc.InternalDriver.connect(Unknown Source) ~[derby-10.9.1.0.jar:na]
	at org.apache.derby.jdbc.EmbeddedDataSource.getConnection(Unknown Source) ~[derby-10.9.1.0.jar:na]
	at org.apache.derby.jdbc.EmbedPooledConnection.openRealConnection(Unknown Source) ~[derby-10.9.1.0.jar:na]
	at org.apache.derby.jdbc.EmbedPooledConnection.<init>(Unknown Source) ~[derby-10.9.1.0.jar:na]
	at org.apache.derby.jdbc.EmbedPooledConnection40.<init>(Unknown Source) ~[derby-10.9.1.0.jar:na]
	at org.apache.derby.jdbc.Driver40.getNewPooledConnection(Unknown Source) ~[derby-10.9.1.0.jar:na]
	at org.apache.derby.jdbc.EmbeddedConnectionPoolDataSource.createPooledConnection(Unknown Source) ~[derby-10.9.1.0.jar:na]
	at org.apache.derby.jdbc.EmbeddedConnectionPoolDataSource.getPooledConnection(Unknown Source) ~[derby-10.9.1.0.jar:na]
	at org.sdnplatform.sync.internal.store.JavaDBStorageEngine.getConnection(JavaDBStorageEngine.java:365) ~[bin/:na]
	at org.sdnplatform.sync.internal.store.JavaDBStorageEngine.initTable(JavaDBStorageEngine.java:372) ~[bin/:na]
	at org.sdnplatform.sync.internal.store.JavaDBStorageEngine.<init>(JavaDBStorageEngine.java:100) ~[bin/:na]
	... 9 common frames omitted
Caused by: org.apache.derby.impl.jdbc.EmbedSQLException: Failed to create database '/var/lib/floodlight/SyncDB', see the next exception for details.
	at org.apache.derby.impl.jdbc.SQLExceptionFactory.getSQLException(Unknown Source) ~[derby-10.9.1.0.jar:na]
	at org.apache.derby.impl.jdbc.SQLExceptionFactory40.wrapArgsForTransportAcrossDRDA(Unknown Source) ~[derby-10.9.1.0.jar:na]
	... 28 common frames omitted
Caused by: org.apache.derby.impl.jdbc.EmbedSQLException: Directory /var/lib/floodlight/SyncDB cannot be created.
	at org.apache.derby.impl.jdbc.SQLExceptionFactory.getSQLException(Unknown Source) ~[derby-10.9.1.0.jar:na]
	at org.apache.derby.impl.jdbc.SQLExceptionFactory40.wrapArgsForTransportAcrossDRDA(Unknown Source) ~[derby-10.9.1.0.jar:na]
	at org.apache.derby.impl.jdbc.SQLExceptionFactory40.getSQLException(Unknown Source) ~[derby-10.9.1.0.jar:na]
	at org.apache.derby.impl.jdbc.Util.generateCsSQLException(Unknown Source) ~[derby-10.9.1.0.jar:na]
	at org.apache.derby.impl.jdbc.TransactionResourceImpl.wrapInSQLException(Unknown Source) ~[derby-10.9.1.0.jar:na]
	at org.apache.derby.impl.jdbc.TransactionResourceImpl.handleException(Unknown Source) ~[derby-10.9.1.0.jar:na]
	at org.apache.derby.impl.jdbc.EmbedConnection.handleException(Unknown Source) ~[derby-10.9.1.0.jar:na]
	... 25 common frames omitted
Caused by: org.apache.derby.iapi.error.StandardException: Directory /var/lib/floodlight/SyncDB cannot be created.
	at org.apache.derby.iapi.error.StandardException.newException(Unknown Source) ~[derby-10.9.1.0.jar:na]
	at org.apache.derby.impl.services.monitor.StorageFactoryService$9.run(Unknown Source) ~[derby-10.9.1.0.jar:na]
	at java.security.AccessController.doPrivileged(Native Method) ~[na:1.7.0_79]
	at org.apache.derby.impl.services.monitor.StorageFactoryService.createServiceRoot(Unknown Source) ~[derby-10.9.1.0.jar:na]
	at org.apache.derby.impl.services.monitor.BaseMonitor.bootService(Unknown Source) ~[derby-10.9.1.0.jar:na]
	at org.apache.derby.impl.services.monitor.BaseMonitor.createPersistentService(Unknown Source) ~[derby-10.9.1.0.jar:na]
	at org.apache.derby.iapi.services.monitor.Monitor.createPersistentService(Unknown Source) ~[derby-10.9.1.0.jar:na]
	... 25 common frames omitted
